<?xml version="1.0" encoding="UTF-8"?>
<testsuite name="feature.UserTest" time="0" tests="40" errors="0" skipped="30" failures="0">
  <properties>
[...]
</properties>
  <testcase name="Given there is a slot available" classname="Scenario: Patient books an appointment" time="0">
    <skipped/>
    <system-out><![CDATA[
10 Scenarios (&amp#27;[33m10 undefined&amp#27;[0m)
20 Steps (&amp#27;[33m20 undefined&amp#27;[0m)
0m0.000s


You can implement missing steps with the snippets below:

Given("^there is a slot available$", () -> {
    // Write code here that turns the phrase above into concrete actions
    throw new PendingException();
});

When("^a user books an appointment$", () -> {
    // Write code here that turns the phrase above into concrete actions
    throw new PendingException();
});

Then("^it should be stored in the system$", () -> {
    // Write code here that turns the phrase above into concrete actions
    throw new PendingException();
});

Given("^there is a slot available and the user has a preferred time$", () -> {
    // Write code here that turns the phrase above into concrete actions
    throw new PendingException();
});

Then("^they should specify a minimum of (\\d+) other options$", (Integer arg1) -> {
    // Write code here that turns the phrase above into concrete actions
    throw new PendingException();
});

When("^a user specifies a specific slot as an option$", () -> {
    // Write code here that turns the phrase above into concrete actions
    throw new PendingException();
});

Then("^the users preference should be stored$", () -> {
    // Write code here that turns the phrase above into concrete actions
    throw new PendingException();
});

When("^a user asks for Monday from (\\d+)pm to (\\d+)pm$", (Integer arg1, Integer arg2) -> {
    // Write code here that turns the phrase above into concrete actions
    throw new PendingException();
});

Then("^the users preference for a Monday slot between (\\d+)pm to (\\d+)pm  should be stored$", (Integer arg1, Integer arg2) -> {
    // Write code here that turns the phrase above into concrete actions
    throw new PendingException();
});

When("^a user asks for any day after (\\d+)pm$", (Integer arg1) -> {
    // Write code here that turns the phrase above into concrete actions
    throw new PendingException();
});

Then("^the users preference for any slot between after (\\d+)pm on any day shoudl be stored$", (Integer arg1) -> {
    // Write code here that turns the phrase above into concrete actions
    throw new PendingException();
});

Given("^the following users exist:$", (DataTable arg1) -> {
    // Write code here that turns the phrase above into concrete actions
    // For automatic transformation, change DataTable to one of
    // List<YourType>, List<List<E>>, List<Map<K,V>> or Map<K,V>.
    // E,K,V must be a scalar (String, Integer, Date, enum etc)
    throw new PendingException();
});

Given("^the following preferences exist:$", (DataTable arg1) -> {
    // Write code here that turns the phrase above into concrete actions
    // For automatic transformation, change DataTable to one of
    // List<YourType>, List<List<E>>, List<Map<K,V>> or Map<K,V>.
    // E,K,V must be a scalar (String, Integer, Date, enum etc)
    throw new PendingException();
});

When("^we try to fill the free slot$", () -> {
    // Write code here that turns the phrase above into concrete actions
    throw new PendingException();
});

Then("^customer Darren should be moved to the free slot$", () -> {
    // Write code here that turns the phrase above into concrete actions
    throw new PendingException();
});

Then("^customer A should be moved$", () -> {
    // Write code here that turns the phrase above into concrete actions
    throw new PendingException();
});

Then("^customer B should be moved$", () -> {
    // Write code here that turns the phrase above into concrete actions
    throw new PendingException();
});

Then("^the user can choose from a list of customers who have a prefernce for that slot$", () -> {
    // Write code here that turns the phrase above into concrete actions
    throw new PendingException();
});

Then("^the system should consolidate customers with those preferences into that time period$", () -> {
    // Write code here that turns the phrase above into concrete actions
    throw new PendingException();
});

]]></system-out>
  </testcase>
  <testcase name="When a user books an appointment" classname="Scenario: Patient books an appointment" time="0">
    <skipped/>
  </testcase>
  <testcase name="Then it should be stored in the system" classname="Scenario: Patient books an appointment" time="0">
    <skipped/>
  </testcase>
  <testcase name="Scenario: Patient books an appointment" classname="Scenario: Patient books an appointment" time="0">
    <skipped/>
  </testcase>
  <testcase name="Scenario: Patient books an appointment" classname="Scenario: Patient books an appointment" time="0"/>
  <testcase name="Given there is a slot available and the user has a preferred time" classname="Scenario: Patient books an appointment but has other preferences" time="0">
    <skipped/>
  </testcase>
  <testcase name="When a user books an appointment" classname="Scenario: Patient books an appointment but has other preferences" time="0">
    <skipped/>
  </testcase>
  <testcase name="Then they should specify a minimum of 3 other options" classname="Scenario: Patient books an appointment but has other preferences" time="0">
    <skipped/>
  </testcase>
  <testcase name="Scenario: Patient books an appointment but has other preferences" classname="Scenario: Patient books an appointment but has other preferences" time="0">
    <skipped/>
  </testcase>
  <testcase name="Scenario: Patient books an appointment but has other preferences" classname="Scenario: Patient books an appointment but has other preferences" time="0.001"/>
  <testcase name="When a user specifies a specific slot as an option" classname="Scenario: A patient specifies a specific slot as an option" time="0">
    <skipped/>
  </testcase>
  <testcase name="Then the users preference should be stored" classname="Scenario: A patient specifies a specific slot as an option" time="0">
    <skipped/>
  </testcase>
  <testcase name="Scenario: A patient specifies a specific slot as an option" classname="Scenario: A patient specifies a specific slot as an option" time="0">
    <skipped/>
  </testcase>
  <testcase name="Scenario: A patient specifies a specific slot as an option" classname="Scenario: A patient specifies a specific slot as an option" time="0"/>
  <testcase name="When a user asks for Monday from 2pm to 5pm" classname="Scenario: A patient specifies a range that covers multiple slots on a specific day" time="0">
    <skipped/>
  </testcase>
  <testcase name="Then the users preference for a Monday slot between 2pm to 5pm  should be stored" classname="Scenario: A patient specifies a range that covers multiple slots on a specific day" time="0">
    <skipped/>
  </testcase>
  <testcase name="Scenario: A patient specifies a range that covers multiple slots on a specific day" classname="Scenario: A patient specifies a range that covers multiple slots on a specific day" time="0">
    <skipped/>
  </testcase>
  <testcase name="Scenario: A patient specifies a range that covers multiple slots on a specific day" classname="Scenario: A patient specifies a range that covers multiple slots on a specific day" time="0"/>
  <testcase name="When a user asks for any day after 5pm" classname="Scenario: A patient asks for before or after work slots" time="0">
    <skipped/>
  </testcase>
  <testcase name="Then the users preference for any slot between after 5pm on any day shoudl be stored" classname="Scenario: A patient asks for before or after work slots" time="0">
    <skipped/>
  </testcase>
  <testcase name="Scenario: A patient asks for before or after work slots" classname="Scenario: A patient asks for before or after work slots" time="0">
    <skipped/>
  </testcase>
  <testcase name="Scenario: A patient asks for before or after work slots" classname="Scenario: A patient asks for before or after work slots" time="0"/>
  <testcase name="Given the following users exist:" classname="Scenario: A user I want a customer who has a preference for a free slot moved" time="0">
    <skipped/>
  </testcase>
  <testcase name="And the following preferences exist:" classname="Scenario: A user I want a customer who has a preference for a free slot moved" time="0">
    <skipped/>
  </testcase>
  <testcase name="When we try to fill the free slot" classname="Scenario: A user I want a customer who has a preference for a free slot moved" time="0">
    <skipped/>
  </testcase>
  <testcase name="Then customer Darren should be moved to the free slot" classname="Scenario: A user I want a customer who has a preference for a free slot moved" time="0">
    <skipped/>
  </testcase>
  <testcase name="Scenario: A user I want a customer who has a preference for a free slot moved" classname="Scenario: A user I want a customer who has a preference for a free slot moved" time="0">
    <skipped/>
  </testcase>
  <testcase name="Scenario: A user I want a customer who has a preference for a free slot moved" classname="Scenario: A user I want a customer who has a preference for a free slot moved" time="0.001"/>
  <testcase name="Then customer A should be moved" classname="Scenario: A user I want a customer who has already been promoted to be promoted over somebody who has not." time="0">
    <skipped/>
  </testcase>
  <testcase name="Scenario: A user I want a customer who has already been promoted to be promoted over somebody who has not." classname="Scenario: A user I want a customer who has already been promoted to be promoted over somebody who has not." time="0">
    <skipped/>
  </testcase>
  <testcase name="Scenario: A user I want a customer who has already been promoted to be promoted over somebody who has not." classname="Scenario: A user I want a customer who has already been promoted to be promoted over somebody who has not." time="0"/>
  <testcase name="Then customer B should be moved" classname="Scenario: Two customers have the same preference but one has an appointment at a later date" time="0">
    <skipped/>
  </testcase>
  <testcase name="Scenario: Two customers have the same preference but one has an appointment at a later date" classname="Scenario: Two customers have the same preference but one has an appointment at a later date" time="0">
    <skipped/>
  </testcase>
  <testcase name="Scenario: Two customers have the same preference but one has an appointment at a later date" classname="Scenario: Two customers have the same preference but one has an appointment at a later date" time="0"/>
  <testcase name="Then the user can choose from a list of customers who have a prefernce for that slot" classname="Scenario: As a user I want to fill a slot with a user of my choice who has a preference for that slot" time="0">
    <skipped/>
  </testcase>
  <testcase name="Scenario: As a user I want to fill a slot with a user of my choice who has a preference for that slot" classname="Scenario: As a user I want to fill a slot with a user of my choice who has a preference for that slot" time="0">
    <skipped/>
  </testcase>
  <testcase name="Scenario: As a user I want to fill a slot with a user of my choice who has a preference for that slot" classname="Scenario: As a user I want to fill a slot with a user of my choice who has a preference for that slot" time="0"/>
  <testcase name="Then the system should consolidate customers with those preferences into that time period" classname="Scenario: A user wants to fill up all the slots within a given time period" time="0">
    <skipped/>
  </testcase>
  <testcase name="Scenario: A user wants to fill up all the slots within a given time period" classname="Scenario: A user wants to fill up all the slots within a given time period" time="0">
    <skipped/>
  </testcase>
  <testcase name="Scenario: A user wants to fill up all the slots within a given time period" classname="Scenario: A user wants to fill up all the slots within a given time period" time="0.001"/>
</testsuite>