<?xml version="1.0" encoding="UTF-8"?>
<testsuite name="feature.BookingsTest" time="0" tests="40" errors="0" skipped="30" failures="0">
  <properties>
[...]
</properties>
  <testcase name="Given there is a slot available" classname="Scenario: Patient books an appointment" time="0">
    <skipped/>
    <system-out><![CDATA[18:50:52.187 [main] DEBUG org.springframework.test.context.junit4.SpringJUnit4ClassRunner - SpringJUnit4ClassRunner constructor called with [class hello.HelloControllerTest]
18:50:52.192 [main] DEBUG org.springframework.test.context.BootstrapUtils - Instantiating CacheAwareContextLoaderDelegate from class [org.springframework.test.context.cache.DefaultCacheAwareContextLoaderDelegate]
18:50:52.198 [main] DEBUG org.springframework.test.context.BootstrapUtils - Instantiating BootstrapContext using constructor [public org.springframework.test.context.support.DefaultBootstrapContext(java.lang.Class,org.springframework.test.context.CacheAwareContextLoaderDelegate)]
18:50:52.213 [main] DEBUG org.springframework.test.context.BootstrapUtils - Instantiating TestContextBootstrapper for test class [hello.HelloControllerTest] from class [org.springframework.test.context.web.WebTestContextBootstrapper]
18:50:52.244 [main] DEBUG org.springframework.test.context.web.WebTestContextBootstrapper - Found explicit ContextLoader class [org.springframework.boot.test.SpringApplicationContextLoader] for context configuration attributes [ContextConfigurationAttributes@3c7f66c4 declaringClass = 'hello.HelloControllerTest', classes = '{class org.springframework.mock.web.MockServletContext}', locations = '{}', inheritLocations = true, initializers = '{}', inheritInitializers = true, name = [null], contextLoaderClass = 'org.springframework.boot.test.SpringApplicationContextLoader']
18:50:52.255 [main] DEBUG org.springframework.test.context.support.AbstractContextLoader - Did not detect default resource location for test class [hello.HelloControllerTest]: class path resource [hello/HelloControllerTest-context.xml] does not exist
18:50:52.255 [main] DEBUG org.springframework.test.context.support.AbstractContextLoader - Did not detect default resource location for test class [hello.HelloControllerTest]: class path resource [hello/HelloControllerTestContext.groovy] does not exist
18:50:52.255 [main] INFO org.springframework.test.context.support.AbstractContextLoader - Could not detect default resource locations for test class [hello.HelloControllerTest]: no resource found for suffixes {-context.xml, Context.groovy}.
18:50:52.257 [main] DEBUG org.springframework.test.context.support.ActiveProfilesUtils - Could not find an 'annotation declaring class' for annotation type [org.springframework.test.context.ActiveProfiles] and class [hello.HelloControllerTest]
18:50:52.264 [main] DEBUG org.springframework.test.context.web.WebTestContextBootstrapper - @TestExecutionListeners is not present for class [hello.HelloControllerTest]: using defaults.
18:50:52.270 [main] INFO org.springframework.test.context.web.WebTestContextBootstrapper - Loaded default TestExecutionListener class names from location [META-INF/spring.factories]: [org.springframework.test.context.web.ServletTestExecutionListener, org.springframework.test.context.support.DirtiesContextBeforeModesTestExecutionListener, org.springframework.test.context.support.DependencyInjectionTestExecutionListener, org.springframework.test.context.support.DirtiesContextTestExecutionListener, org.springframework.test.context.transaction.TransactionalTestExecutionListener, org.springframework.test.context.jdbc.SqlScriptsTestExecutionListener]
18:50:52.274 [main] INFO org.springframework.test.context.web.WebTestContextBootstrapper - Could not instantiate TestExecutionListener [org.springframework.test.context.jdbc.SqlScriptsTestExecutionListener]. Specify custom listener classes or make the default listener classes (and their required dependencies) available. Offending class: [org/springframework/transaction/interceptor/TransactionAttribute]
18:50:52.275 [main] INFO org.springframework.test.context.web.WebTestContextBootstrapper - Could not instantiate TestExecutionListener [org.springframework.test.context.transaction.TransactionalTestExecutionListener]. Specify custom listener classes or make the default listener classes (and their required dependencies) available. Offending class: [org/springframework/transaction/interceptor/TransactionAttributeSource]
18:50:52.281 [main] INFO org.springframework.test.context.web.WebTestContextBootstrapper - Using TestExecutionListeners: [org.springframework.test.context.web.ServletTestExecutionListener@298a5e20, org.springframework.test.context.support.DirtiesContextBeforeModesTestExecutionListener@2a7f1f10, org.springframework.test.context.support.DependencyInjectionTestExecutionListener@46cdf8bd, org.springframework.test.context.support.DirtiesContextTestExecutionListener@f0c8a99]
18:50:52.333 [main] DEBUG org.springframework.test.annotation.ProfileValueUtils - Retrieved @ProfileValueSourceConfiguration [null] for test class [hello.HelloControllerTest]
18:50:52.333 [main] DEBUG org.springframework.test.annotation.ProfileValueUtils - Retrieved ProfileValueSource type [class org.springframework.test.annotation.SystemProfileValueSource] for class [hello.HelloControllerTest]
]]></system-out>
  </testcase>
  <testcase name="When a user books an appointment" classname="Scenario: Patient books an appointment" time="0">
    <skipped/>
  </testcase>
  <testcase name="Then it should be stored in the system" classname="Scenario: Patient books an appointment" time="0">
    <skipped/>
  </testcase>
  <testcase name="Scenario: Patient books an appointment" classname="Scenario: Patient books an appointment" time="0">
    <skipped/>
  </testcase>
  <testcase name="Scenario: Patient books an appointment" classname="Scenario: Patient books an appointment" time="0.006"/>
  <testcase name="Given there is a slot available and the user has a preferred time" classname="Scenario: Patient books an appointment but has other preferences" time="0">
    <skipped/>
  </testcase>
  <testcase name="When a user books an appointment" classname="Scenario: Patient books an appointment but has other preferences" time="0">
    <skipped/>
  </testcase>
  <testcase name="Then they should specify a minimum of 3 other options" classname="Scenario: Patient books an appointment but has other preferences" time="0">
    <skipped/>
  </testcase>
  <testcase name="Scenario: Patient books an appointment but has other preferences" classname="Scenario: Patient books an appointment but has other preferences" time="0">
    <skipped/>
  </testcase>
  <testcase name="Scenario: Patient books an appointment but has other preferences" classname="Scenario: Patient books an appointment but has other preferences" time="0"/>
  <testcase name="When a user specifies a specific slot as an option" classname="Scenario: A patient specifies a specific slot as an option" time="0">
    <skipped/>
  </testcase>
  <testcase name="Then the users preference should be stored" classname="Scenario: A patient specifies a specific slot as an option" time="0">
    <skipped/>
  </testcase>
  <testcase name="Scenario: A patient specifies a specific slot as an option" classname="Scenario: A patient specifies a specific slot as an option" time="0">
    <skipped/>
  </testcase>
  <testcase name="Scenario: A patient specifies a specific slot as an option" classname="Scenario: A patient specifies a specific slot as an option" time="0.001"/>
  <testcase name="When a user asks for Monday from 2pm to 5pm" classname="Scenario: A patient specifies a range that covers multiple slots on a specific day" time="0">
    <skipped/>
  </testcase>
  <testcase name="Then the users preference for a Monday slot between 2pm to 5pm  should be stored" classname="Scenario: A patient specifies a range that covers multiple slots on a specific day" time="0">
    <skipped/>
  </testcase>
  <testcase name="Scenario: A patient specifies a range that covers multiple slots on a specific day" classname="Scenario: A patient specifies a range that covers multiple slots on a specific day" time="0">
    <skipped/>
  </testcase>
  <testcase name="Scenario: A patient specifies a range that covers multiple slots on a specific day" classname="Scenario: A patient specifies a range that covers multiple slots on a specific day" time="0"/>
  <testcase name="When a user asks for any day after 5pm" classname="Scenario: A patient asks for before or after work slots" time="0">
    <skipped/>
  </testcase>
  <testcase name="Then the users preference for any slot between after 5pm on any day shoudl be stored" classname="Scenario: A patient asks for before or after work slots" time="0">
    <skipped/>
  </testcase>
  <testcase name="Scenario: A patient asks for before or after work slots" classname="Scenario: A patient asks for before or after work slots" time="0">
    <skipped/>
  </testcase>
  <testcase name="Scenario: A patient asks for before or after work slots" classname="Scenario: A patient asks for before or after work slots" time="0.002"/>
  <testcase name="Given the following users exist:" classname="Scenario: A user I want a customer who has a preference for a free slot moved" time="0">
    <skipped/>
  </testcase>
  <testcase name="And the following preferences exist:" classname="Scenario: A user I want a customer who has a preference for a free slot moved" time="0">
    <skipped/>
  </testcase>
  <testcase name="When we try to fill the free slot" classname="Scenario: A user I want a customer who has a preference for a free slot moved" time="0">
    <skipped/>
  </testcase>
  <testcase name="Then customer Darren should be moved to the free slot" classname="Scenario: A user I want a customer who has a preference for a free slot moved" time="0">
    <skipped/>
  </testcase>
  <testcase name="Scenario: A user I want a customer who has a preference for a free slot moved" classname="Scenario: A user I want a customer who has a preference for a free slot moved" time="0">
    <skipped/>
  </testcase>
  <testcase name="Scenario: A user I want a customer who has a preference for a free slot moved" classname="Scenario: A user I want a customer who has a preference for a free slot moved" time="0.001"/>
  <testcase name="Then customer A should be moved" classname="Scenario: A user I want a customer who has already been promoted to be promoted over somebody who has not." time="0">
    <skipped/>
  </testcase>
  <testcase name="Scenario: A user I want a customer who has already been promoted to be promoted over somebody who has not." classname="Scenario: A user I want a customer who has already been promoted to be promoted over somebody who has not." time="0">
    <skipped/>
  </testcase>
  <testcase name="Scenario: A user I want a customer who has already been promoted to be promoted over somebody who has not." classname="Scenario: A user I want a customer who has already been promoted to be promoted over somebody who has not." time="0"/>
  <testcase name="Then customer B should be moved" classname="Scenario: Two customers have the same preference but one has an appointment at a later date" time="0">
    <skipped/>
  </testcase>
  <testcase name="Scenario: Two customers have the same preference but one has an appointment at a later date" classname="Scenario: Two customers have the same preference but one has an appointment at a later date" time="0">
    <skipped/>
  </testcase>
  <testcase name="Scenario: Two customers have the same preference but one has an appointment at a later date" classname="Scenario: Two customers have the same preference but one has an appointment at a later date" time="0"/>
  <testcase name="Then the user can choose from a list of customers who have a prefernce for that slot" classname="Scenario: As a user I want to fill a slot with a user of my choice who has a preference for that slot" time="0">
    <skipped/>
  </testcase>
  <testcase name="Scenario: As a user I want to fill a slot with a user of my choice who has a preference for that slot" classname="Scenario: As a user I want to fill a slot with a user of my choice who has a preference for that slot" time="0">
    <skipped/>
  </testcase>
  <testcase name="Scenario: As a user I want to fill a slot with a user of my choice who has a preference for that slot" classname="Scenario: As a user I want to fill a slot with a user of my choice who has a preference for that slot" time="0"/>
  <testcase name="Then the system should consolidate customers with those preferences into that time period" classname="Scenario: A user wants to fill up all the slots within a given time period" time="0">
    <skipped/>
  </testcase>
  <testcase name="Scenario: A user wants to fill up all the slots within a given time period" classname="Scenario: A user wants to fill up all the slots within a given time period" time="0">
    <skipped/>
  </testcase>
  <testcase name="Scenario: A user wants to fill up all the slots within a given time period" classname="Scenario: A user wants to fill up all the slots within a given time period" time="0"/>
</testsuite>